<?xml version="1.0" encoding="UTF-8"?>
<!-- Generated by org.testng.reporters.JUnitReportReporter -->
<testsuite hostname="DESKTOP-NCHRHGP" failures="0" tests="6" name="allTests.HomePage_Test2" time="48.020" errors="0" timestamp="2021-08-20T11:23:00 IST" skipped="0">
  <testcase classname="allTests.HomePage_Test2" name="Test" time="8.598"/>
  <system-out/>
  <testcase classname="allTests.HomePage_Test2" name="Test" time="9.674"/>
  <system-out/>
  <testcase classname="allTests.HomePage_Test2" name="Test" time="7.734"/>
  <system-out/>
  <testcase classname="allTests.HomePage_Test2" name="Test" time="6.454"/>
  <system-out/>
  <testcase classname="allTests.HomePage_Test2" name="Test" time="6.778"/>
  <system-out/>
  <testcase classname="allTests.HomePage_Test2" name="Test" time="8.782"/>
  <system-out/>
</testsuite> <!-- allTests.HomePage_Test2 -->
